Arguments: 
  C:\Users\lndv\AppData\Roaming\nvm\v14.17.5\node.exe C:\Users\lndv\AppData\Roaming\npm\node_modules\yarn\bin\yarn.js add brownser-sync

PATH: 
  C:\Users\lndv\bin;C:\Program Files\Git\mingw64\bin;C:\Program Files\Git\usr\local\bin;C:\Program Files\Git\usr\bin;C:\Program Files\Git\usr\bin;C:\Program Files\Git\mingw64\bin;C:\Program Files\Git\usr\bin;C:\Users\lndv\bin;C:\Program Files\Common Files\Oracle\Java\javapath;C:\Python310\Scripts;C:\Python310;C:\Windows\system32;C:\Windows;C:\Windows\System32\Wbem;C:\Windows\System32\WindowsPowerShell\v1.0;C:\Windows\System32\OpenSSH;C:\Program Files (x86)\Microsoft SQL Server\150\DTS\Binn;C:\Program Files\Azure Data Studio\bin;C:\ProgramData\chocolatey\bin;C:\instantclient_21_6;C:\Program Files\Android\Android Studio\jre\bin;C:\Users\lndv\AppData\Local\Android\Sdk\emulator;C:\Users\lndv\AppData\Local\Android\Sdk\tools;C:\Users\lndv\AppData\Local\Android\Sdk\tools\bin;C:\Users\lndv\AppData\Local\Android\Sdk\platform-tools;C:\Program Files\Java\jdk-11\bin;C:\Users\lndv\AppData\Roaming\npm\node_modules\yarn\bin;C:\Users\lndv\AppData\Roaming\npm\node_modules\expo-cli\bin;C:\Users\lndv\AppData\Roaming\npm\node_modules\ngrok;C:\Users\lndv\AppData\Roaming\nvm;C:\Program Files\nodejs;C:\Python310\python.exe;C:\Python27\python.exe;C:\Program Files\Git\cmd;C:\Users\lndv\.console-ninja\.bin;C:\Users\lndv\AppData\Local\Microsoft\WindowsApps;C:\Users\lndv\AppData\Roaming\npm\node_modules\yarn\bin;C:\Users\lndv\AppData\Roaming\npm\node_modules\expo-cli\bin;C:\Users\lndv\AppData\Roaming\npm\node_modules\ngrok\bin;C:\Program Files\Microsoft VS Code\bin;C:\Users\lndv\AppData\Roaming\npm;C:\Users\lndv\AppData\Local\Programs\Microsoft VS Code\bin;C:\Users\lndv\AppData\Roaming\nvm;C:\Program Files\nodejs;C:\Program Files\Git\usr\bin\vendor_perl;C:\Program Files\Git\usr\bin\core_perl

Yarn version: 
  1.22.19

Node version: 
  14.17.5

Platform: 
  win32 x64

Trace: 
  Error: https://registry.yarnpkg.com/brownser-sync: Not found
      at Request.params.callback [as _callback] (C:\Users\lndv\AppData\Roaming\npm\node_modules\yarn\lib\cli.js:66145:18)
      at Request.self.callback (C:\Users\lndv\AppData\Roaming\npm\node_modules\yarn\lib\cli.js:140890:22)
      at Request.emit (events.js:400:28)
      at Request.<anonymous> (C:\Users\lndv\AppData\Roaming\npm\node_modules\yarn\lib\cli.js:141862:10)
      at Request.emit (events.js:400:28)
      at IncomingMessage.<anonymous> (C:\Users\lndv\AppData\Roaming\npm\node_modules\yarn\lib\cli.js:141784:12)
      at Object.onceWrapper (events.js:519:28)
      at IncomingMessage.emit (events.js:412:35)
      at endReadableNT (internal/streams/readable.js:1317:12)
      at processTicksAndRejections (internal/process/task_queues.js:82:21)

npm manifest: 
  No manifest

yarn manifest: 
  No manifest

Lockfile: 
  # THIS IS AN AUTOGENERATED FILE. DO NOT EDIT THIS FILE DIRECTLY.
  # yarn lockfile v1
